2025-06-12T14:02:14.422+02:00  INFO 11020 --- [ocado-licytacje] [restartedMain] p.e.p.o.OcadoLicytacjeApplication        : Starting OcadoLicytacjeApplication using Java 17.0.14 with PID 11020 (C:\Users\User\IdeaProjects\Robimy-dobro-licytacje\build\classes\java\main started by User in C:\Users\User\IdeaProjects\Robimy-dobro-licytacje)
2025-06-12T14:02:14.428+02:00  INFO 11020 --- [ocado-licytacje] [restartedMain] p.e.p.o.OcadoLicytacjeApplication        : No active profile set, falling back to 1 default profile: "default"
2025-06-12T14:02:14.485+02:00  INFO 11020 --- [ocado-licytacje] [restartedMain] .e.DevToolsPropertyDefaultsPostProcessor : Devtools property defaults active! Set 'spring.devtools.add-properties' to 'false' to disable
2025-06-12T14:02:14.485+02:00  INFO 11020 --- [ocado-licytacje] [restartedMain] .e.DevToolsPropertyDefaultsPostProcessor : For additional web related logging consider setting the 'logging.level.web' property to 'DEBUG'
2025-06-12T14:02:15.401+02:00  INFO 11020 --- [ocado-licytacje] [restartedMain] .s.d.r.c.RepositoryConfigurationDelegate : Bootstrapping Spring Data JPA repositories in DEFAULT mode.
2025-06-12T14:02:15.618+02:00  INFO 11020 --- [ocado-licytacje] [restartedMain] .s.d.r.c.RepositoryConfigurationDelegate : Finished Spring Data repository scanning in 205 ms. Found 8 JPA repository interfaces.
2025-06-12T14:02:16.231+02:00  INFO 11020 --- [ocado-licytacje] [restartedMain] o.s.b.w.embedded.tomcat.TomcatWebServer  : Tomcat initialized with port 8190 (http)
2025-06-12T14:02:16.244+02:00  INFO 11020 --- [ocado-licytacje] [restartedMain] o.apache.catalina.core.StandardService   : Starting service [Tomcat]
2025-06-12T14:02:16.244+02:00  INFO 11020 --- [ocado-licytacje] [restartedMain] o.apache.catalina.core.StandardEngine    : Starting Servlet engine: [Apache Tomcat/10.1.39]
2025-06-12T14:02:16.303+02:00  INFO 11020 --- [ocado-licytacje] [restartedMain] o.a.c.c.C.[.[localhost].[/licytacje]     : Initializing Spring embedded WebApplicationContext
2025-06-12T14:02:16.303+02:00  INFO 11020 --- [ocado-licytacje] [restartedMain] w.s.c.ServletWebServerApplicationContext : Root WebApplicationContext: initialization completed in 1817 ms
2025-06-12T14:02:16.457+02:00  INFO 11020 --- [ocado-licytacje] [restartedMain] com.zaxxer.hikari.HikariDataSource       : HikariPool-1 - Starting...
2025-06-12T14:02:16.707+02:00  INFO 11020 --- [ocado-licytacje] [restartedMain] com.zaxxer.hikari.pool.HikariPool        : HikariPool-1 - Added connection org.postgresql.jdbc.PgConnection@2e23a17b
2025-06-12T14:02:16.710+02:00  INFO 11020 --- [ocado-licytacje] [restartedMain] com.zaxxer.hikari.HikariDataSource       : HikariPool-1 - Start completed.
2025-06-12T14:02:16.941+02:00  INFO 11020 --- [ocado-licytacje] [restartedMain] liquibase.database                       : Set default schema name to public
2025-06-12T14:02:17.514+02:00  INFO 11020 --- [ocado-licytacje] [restartedMain] liquibase.changelog                      : Reading from public.databasechangelog
2025-06-12T14:02:17.564+02:00  INFO 11020 --- [ocado-licytacje] [restartedMain] liquibase.ui                             : Database is up to date, no changesets to execute
2025-06-12T14:02:17.566+02:00  INFO 11020 --- [ocado-licytacje] [restartedMain] liquibase.changelog                      : Reading from public.databasechangelog
2025-06-12T14:02:17.577+02:00  INFO 11020 --- [ocado-licytacje] [restartedMain] liquibase.util                           : UPDATE SUMMARY
2025-06-12T14:02:17.577+02:00  INFO 11020 --- [ocado-licytacje] [restartedMain] liquibase.util                           : Run:                          0
2025-06-12T14:02:17.577+02:00  INFO 11020 --- [ocado-licytacje] [restartedMain] liquibase.util                           : Previously run:               6
2025-06-12T14:02:17.577+02:00  INFO 11020 --- [ocado-licytacje] [restartedMain] liquibase.util                           : Filtered out:                 0
2025-06-12T14:02:17.577+02:00  INFO 11020 --- [ocado-licytacje] [restartedMain] liquibase.util                           : -------------------------------
2025-06-12T14:02:17.577+02:00  INFO 11020 --- [ocado-licytacje] [restartedMain] liquibase.util                           : Total change sets:            6
2025-06-12T14:02:17.578+02:00  INFO 11020 --- [ocado-licytacje] [restartedMain] liquibase.util                           : Update summary generated
2025-06-12T14:02:17.579+02:00  INFO 11020 --- [ocado-licytacje] [restartedMain] liquibase.command                        : Command execution complete
2025-06-12T14:02:17.660+02:00  INFO 11020 --- [ocado-licytacje] [restartedMain] o.hibernate.jpa.internal.util.LogHelper  : HHH000204: Processing PersistenceUnitInfo [name: default]
2025-06-12T14:02:17.743+02:00  INFO 11020 --- [ocado-licytacje] [restartedMain] org.hibernate.Version                    : HHH000412: Hibernate ORM core version 6.6.11.Final
2025-06-12T14:02:17.799+02:00  INFO 11020 --- [ocado-licytacje] [restartedMain] o.h.c.internal.RegionFactoryInitiator    : HHH000026: Second-level cache disabled
2025-06-12T14:02:18.144+02:00  INFO 11020 --- [ocado-licytacje] [restartedMain] o.s.o.j.p.SpringPersistenceUnitInfo      : No LoadTimeWeaver setup: ignoring JPA class transformer
2025-06-12T14:02:18.206+02:00  WARN 11020 --- [ocado-licytacje] [restartedMain] org.hibernate.orm.deprecation            : HHH90000025: PostgreSQLDialect does not need to be specified explicitly using 'hibernate.dialect' (remove the property setting and it will be selected by default)
2025-06-12T14:02:18.222+02:00  INFO 11020 --- [ocado-licytacje] [restartedMain] org.hibernate.orm.connections.pooling    : HHH10001005: Database info:
	Database JDBC URL [Connecting through datasource 'HikariDataSource (HikariPool-1)']
	Database driver: undefined/unknown
	Database version: 17.4
	Autocommit mode: undefined/unknown
	Isolation level: undefined/unknown
	Minimum pool size: undefined/unknown
	Maximum pool size: undefined/unknown
2025-06-12T14:02:19.255+02:00  INFO 11020 --- [ocado-licytacje] [restartedMain] o.h.e.t.j.p.i.JtaPlatformInitiator       : HHH000489: No JTA platform available (set 'hibernate.transaction.jta.platform' to enable JTA platform integration)
2025-06-12T14:02:19.556+02:00  INFO 11020 --- [ocado-licytacje] [restartedMain] j.LocalContainerEntityManagerFactoryBean : Initialized JPA EntityManagerFactory for persistence unit 'default'
2025-06-12T14:02:22.299+02:00  INFO 11020 --- [ocado-licytacje] [Grizzly(2)] c.s.api.socket_mode.SocketModeClient     : New session is open (session id: 52e3aac1-7b6f-43e8-a84a-6f04926e3509)
2025-06-12T14:02:22.462+02:00  WARN 11020 --- [ocado-licytacje] [restartedMain] JpaBaseConfiguration$JpaWebConfiguration : spring.jpa.open-in-view is enabled by default. Therefore, database queries may be performed during view rendering. Explicitly configure spring.jpa.open-in-view to disable this warning
2025-06-12T14:02:22.850+02:00  INFO 11020 --- [ocado-licytacje] [restartedMain] o.s.b.d.a.OptionalLiveReloadServer       : LiveReload server is running on port 35729
2025-06-12T14:02:22.956+02:00  INFO 11020 --- [ocado-licytacje] [restartedMain] o.s.b.w.embedded.tomcat.TomcatWebServer  : Tomcat started on port 8190 (http) with context path '/licytacje'
2025-06-12T14:02:22.972+02:00  INFO 11020 --- [ocado-licytacje] [restartedMain] p.e.p.o.OcadoLicytacjeApplication        : Started OcadoLicytacjeApplication in 9.074 seconds (process running for 10.083)
2025-06-12T14:02:26.249+02:00  INFO 11020 --- [ocado-licytacje] [SpringApplicationShutdownHook] o.s.b.w.e.tomcat.GracefulShutdown        : Commencing graceful shutdown. Waiting for active requests to complete
2025-06-12T14:02:26.425+02:00  INFO 11020 --- [ocado-licytacje] [tomcat-shutdown] o.s.b.w.e.tomcat.GracefulShutdown        : Graceful shutdown complete
2025-06-12T14:02:26.573+02:00  INFO 11020 --- [ocado-licytacje] [SpringApplicationShutdownHook] c.s.api.socket_mode.SocketModeClient     : onClose listener is called (session id: 52e3aac1-7b6f-43e8-a84a-6f04926e3509, reason: com.slack.api.jakarta_socket_mode.impl.JakartaSocketModeClientTyrusImpl did it)
2025-06-12T14:02:26.584+02:00  INFO 11020 --- [ocado-licytacje] [SpringApplicationShutdownHook] j.LocalContainerEntityManagerFactoryBean : Closing JPA EntityManagerFactory for persistence unit 'default'
2025-06-12T14:02:26.587+02:00  WARN 11020 --- [ocado-licytacje] [socket-mode-session-monitor-worker-67] c.s.api.socket_mode.SocketModeClient     : Failed to send a ping message (session id: 52e3aac1-7b6f-43e8-a84a-6f04926e3509, error: Task java.util.concurrent.ScheduledThreadPoolExecutor$ScheduledFutureTask@7f490a97[Not completed, task = java.util.concurrent.Executors$RunnableAdapter@fecad4e[Wrapped task = org.glassfish.tyrus.core.TyrusSession$IdleTimeoutCommand@728f6187]] rejected from java.util.concurrent.ScheduledThreadPoolExecutor@3a8f2ad0[Terminated, pool size = 0, active threads = 0, queued tasks = 0, completed tasks = 9])
2025-06-12T14:02:26.588+02:00  INFO 11020 --- [ocado-licytacje] [socket-mode-session-monitor-worker-67] c.s.api.socket_mode.SocketModeClient     : The current session is no longer active. Going to reconnect to the Socket Mode server.
2025-06-12T14:02:26.589+02:00  INFO 11020 --- [ocado-licytacje] [SpringApplicationShutdownHook] com.zaxxer.hikari.HikariDataSource       : HikariPool-1 - Shutdown initiated...
2025-06-12T14:02:26.595+02:00  INFO 11020 --- [ocado-licytacje] [SpringApplicationShutdownHook] com.zaxxer.hikari.HikariDataSource       : HikariPool-1 - Shutdown completed.
2025-06-12T14:09:48.929+02:00  INFO 3508 --- [ocado-licytacje] [restartedMain] p.e.p.o.OcadoLicytacjeApplication        : Starting OcadoLicytacjeApplication using Java 17.0.14 with PID 3508 (C:\Users\User\IdeaProjects\Robimy-dobro-licytacje\build\classes\java\main started by User in C:\Users\User\IdeaProjects\Robimy-dobro-licytacje)
2025-06-12T14:09:48.931+02:00  INFO 3508 --- [ocado-licytacje] [restartedMain] p.e.p.o.OcadoLicytacjeApplication        : No active profile set, falling back to 1 default profile: "default"
2025-06-12T14:09:48.991+02:00  INFO 3508 --- [ocado-licytacje] [restartedMain] .e.DevToolsPropertyDefaultsPostProcessor : Devtools property defaults active! Set 'spring.devtools.add-properties' to 'false' to disable
2025-06-12T14:09:48.991+02:00  INFO 3508 --- [ocado-licytacje] [restartedMain] .e.DevToolsPropertyDefaultsPostProcessor : For additional web related logging consider setting the 'logging.level.web' property to 'DEBUG'
2025-06-12T14:09:50.057+02:00  INFO 3508 --- [ocado-licytacje] [restartedMain] .s.d.r.c.RepositoryConfigurationDelegate : Bootstrapping Spring Data JPA repositories in DEFAULT mode.
2025-06-12T14:09:50.268+02:00  INFO 3508 --- [ocado-licytacje] [restartedMain] .s.d.r.c.RepositoryConfigurationDelegate : Finished Spring Data repository scanning in 199 ms. Found 8 JPA repository interfaces.
2025-06-12T14:09:50.926+02:00  INFO 3508 --- [ocado-licytacje] [restartedMain] o.s.b.w.embedded.tomcat.TomcatWebServer  : Tomcat initialized with port 8190 (http)
2025-06-12T14:09:50.940+02:00  INFO 3508 --- [ocado-licytacje] [restartedMain] o.apache.catalina.core.StandardService   : Starting service [Tomcat]
2025-06-12T14:09:50.940+02:00  INFO 3508 --- [ocado-licytacje] [restartedMain] o.apache.catalina.core.StandardEngine    : Starting Servlet engine: [Apache Tomcat/10.1.39]
2025-06-12T14:09:51.002+02:00  INFO 3508 --- [ocado-licytacje] [restartedMain] o.a.c.c.C.[.[localhost].[/licytacje]     : Initializing Spring embedded WebApplicationContext
2025-06-12T14:09:51.002+02:00  INFO 3508 --- [ocado-licytacje] [restartedMain] w.s.c.ServletWebServerApplicationContext : Root WebApplicationContext: initialization completed in 2010 ms
2025-06-12T14:09:51.153+02:00  INFO 3508 --- [ocado-licytacje] [restartedMain] com.zaxxer.hikari.HikariDataSource       : HikariPool-1 - Starting...
2025-06-12T14:09:51.495+02:00  INFO 3508 --- [ocado-licytacje] [restartedMain] com.zaxxer.hikari.pool.HikariPool        : HikariPool-1 - Added connection org.postgresql.jdbc.PgConnection@6615a772
2025-06-12T14:09:51.497+02:00  INFO 3508 --- [ocado-licytacje] [restartedMain] com.zaxxer.hikari.HikariDataSource       : HikariPool-1 - Start completed.
2025-06-12T14:09:51.752+02:00  INFO 3508 --- [ocado-licytacje] [restartedMain] liquibase.database                       : Set default schema name to public
2025-06-12T14:09:52.437+02:00  INFO 3508 --- [ocado-licytacje] [restartedMain] liquibase.changelog                      : Reading from public.databasechangelog
2025-06-12T14:09:52.489+02:00  INFO 3508 --- [ocado-licytacje] [restartedMain] liquibase.ui                             : Database is up to date, no changesets to execute
2025-06-12T14:09:52.490+02:00  INFO 3508 --- [ocado-licytacje] [restartedMain] liquibase.changelog                      : Reading from public.databasechangelog
2025-06-12T14:09:52.497+02:00  INFO 3508 --- [ocado-licytacje] [restartedMain] liquibase.util                           : UPDATE SUMMARY
2025-06-12T14:09:52.497+02:00  INFO 3508 --- [ocado-licytacje] [restartedMain] liquibase.util                           : Run:                          0
2025-06-12T14:09:52.497+02:00  INFO 3508 --- [ocado-licytacje] [restartedMain] liquibase.util                           : Previously run:               6
2025-06-12T14:09:52.497+02:00  INFO 3508 --- [ocado-licytacje] [restartedMain] liquibase.util                           : Filtered out:                 0
2025-06-12T14:09:52.498+02:00  INFO 3508 --- [ocado-licytacje] [restartedMain] liquibase.util                           : -------------------------------
2025-06-12T14:09:52.498+02:00  INFO 3508 --- [ocado-licytacje] [restartedMain] liquibase.util                           : Total change sets:            6
2025-06-12T14:09:52.498+02:00  INFO 3508 --- [ocado-licytacje] [restartedMain] liquibase.util                           : Update summary generated
2025-06-12T14:09:52.499+02:00  INFO 3508 --- [ocado-licytacje] [restartedMain] liquibase.command                        : Command execution complete
2025-06-12T14:09:52.584+02:00  INFO 3508 --- [ocado-licytacje] [restartedMain] o.hibernate.jpa.internal.util.LogHelper  : HHH000204: Processing PersistenceUnitInfo [name: default]
2025-06-12T14:09:52.691+02:00  INFO 3508 --- [ocado-licytacje] [restartedMain] org.hibernate.Version                    : HHH000412: Hibernate ORM core version 6.6.11.Final
2025-06-12T14:09:52.743+02:00  INFO 3508 --- [ocado-licytacje] [restartedMain] o.h.c.internal.RegionFactoryInitiator    : HHH000026: Second-level cache disabled
2025-06-12T14:09:53.097+02:00  INFO 3508 --- [ocado-licytacje] [restartedMain] o.s.o.j.p.SpringPersistenceUnitInfo      : No LoadTimeWeaver setup: ignoring JPA class transformer
2025-06-12T14:09:53.156+02:00  WARN 3508 --- [ocado-licytacje] [restartedMain] org.hibernate.orm.deprecation            : HHH90000025: PostgreSQLDialect does not need to be specified explicitly using 'hibernate.dialect' (remove the property setting and it will be selected by default)
2025-06-12T14:09:53.172+02:00  INFO 3508 --- [ocado-licytacje] [restartedMain] org.hibernate.orm.connections.pooling    : HHH10001005: Database info:
	Database JDBC URL [Connecting through datasource 'HikariDataSource (HikariPool-1)']
	Database driver: undefined/unknown
	Database version: 17.4
	Autocommit mode: undefined/unknown
	Isolation level: undefined/unknown
	Minimum pool size: undefined/unknown
	Maximum pool size: undefined/unknown
2025-06-12T14:09:54.215+02:00  INFO 3508 --- [ocado-licytacje] [restartedMain] o.h.e.t.j.p.i.JtaPlatformInitiator       : HHH000489: No JTA platform available (set 'hibernate.transaction.jta.platform' to enable JTA platform integration)
2025-06-12T14:09:54.504+02:00  INFO 3508 --- [ocado-licytacje] [restartedMain] j.LocalContainerEntityManagerFactoryBean : Initialized JPA EntityManagerFactory for persistence unit 'default'
2025-06-12T14:09:59.426+02:00  INFO 3508 --- [ocado-licytacje] [Grizzly(1)] c.s.api.socket_mode.SocketModeClient     : New session is open (session id: a0cd268c-7d33-4477-975a-a92940bfefff)
2025-06-12T14:09:59.581+02:00  WARN 3508 --- [ocado-licytacje] [restartedMain] JpaBaseConfiguration$JpaWebConfiguration : spring.jpa.open-in-view is enabled by default. Therefore, database queries may be performed during view rendering. Explicitly configure spring.jpa.open-in-view to disable this warning
2025-06-12T14:09:59.973+02:00  INFO 3508 --- [ocado-licytacje] [restartedMain] o.s.b.d.a.OptionalLiveReloadServer       : LiveReload server is running on port 35729
2025-06-12T14:10:00.067+02:00  INFO 3508 --- [ocado-licytacje] [restartedMain] o.s.b.w.embedded.tomcat.TomcatWebServer  : Tomcat started on port 8190 (http) with context path '/licytacje'
2025-06-12T14:10:00.082+02:00  INFO 3508 --- [ocado-licytacje] [restartedMain] p.e.p.o.OcadoLicytacjeApplication        : Started OcadoLicytacjeApplication in 11.715 seconds (process running for 12.681)
2025-06-12T14:10:20.976+02:00  INFO 3508 --- [ocado-licytacje] [socket-mode-message-processor-worker-70] p.e.p.o.config.SlackSocketModeConfig     : Odebrany tekst z komendy: ''
2025-06-12T14:14:10.275+02:00  INFO 3508 --- [ocado-licytacje] [SpringApplicationShutdownHook] o.s.b.w.e.tomcat.GracefulShutdown        : Commencing graceful shutdown. Waiting for active requests to complete
2025-06-12T14:14:10.493+02:00  INFO 3508 --- [ocado-licytacje] [tomcat-shutdown] o.s.b.w.e.tomcat.GracefulShutdown        : Graceful shutdown complete
2025-06-12T14:14:10.818+02:00  INFO 3508 --- [ocado-licytacje] [SpringApplicationShutdownHook] c.s.api.socket_mode.SocketModeClient     : onClose listener is called (session id: a0cd268c-7d33-4477-975a-a92940bfefff, reason: com.slack.api.jakarta_socket_mode.impl.JakartaSocketModeClientTyrusImpl did it)
2025-06-12T14:14:10.828+02:00  INFO 3508 --- [ocado-licytacje] [SpringApplicationShutdownHook] j.LocalContainerEntityManagerFactoryBean : Closing JPA EntityManagerFactory for persistence unit 'default'
2025-06-12T14:14:10.834+02:00  INFO 3508 --- [ocado-licytacje] [SpringApplicationShutdownHook] com.zaxxer.hikari.HikariDataSource       : HikariPool-1 - Shutdown initiated...
2025-06-12T14:14:10.841+02:00  INFO 3508 --- [ocado-licytacje] [SpringApplicationShutdownHook] com.zaxxer.hikari.HikariDataSource       : HikariPool-1 - Shutdown completed.
2025-06-12T14:14:14.599+02:00  INFO 10332 --- [ocado-licytacje] [restartedMain] p.e.p.o.OcadoLicytacjeApplication        : Starting OcadoLicytacjeApplication using Java 17.0.14 with PID 10332 (C:\Users\User\IdeaProjects\Robimy-dobro-licytacje\build\classes\java\main started by User in C:\Users\User\IdeaProjects\Robimy-dobro-licytacje)
2025-06-12T14:14:14.601+02:00  INFO 10332 --- [ocado-licytacje] [restartedMain] p.e.p.o.OcadoLicytacjeApplication        : No active profile set, falling back to 1 default profile: "default"
2025-06-12T14:14:14.656+02:00  INFO 10332 --- [ocado-licytacje] [restartedMain] .e.DevToolsPropertyDefaultsPostProcessor : Devtools property defaults active! Set 'spring.devtools.add-properties' to 'false' to disable
2025-06-12T14:14:14.656+02:00  INFO 10332 --- [ocado-licytacje] [restartedMain] .e.DevToolsPropertyDefaultsPostProcessor : For additional web related logging consider setting the 'logging.level.web' property to 'DEBUG'
2025-06-12T14:14:15.522+02:00  INFO 10332 --- [ocado-licytacje] [restartedMain] .s.d.r.c.RepositoryConfigurationDelegate : Bootstrapping Spring Data JPA repositories in DEFAULT mode.
2025-06-12T14:14:15.695+02:00  INFO 10332 --- [ocado-licytacje] [restartedMain] .s.d.r.c.RepositoryConfigurationDelegate : Finished Spring Data repository scanning in 160 ms. Found 8 JPA repository interfaces.
2025-06-12T14:14:16.286+02:00  INFO 10332 --- [ocado-licytacje] [restartedMain] o.s.b.w.embedded.tomcat.TomcatWebServer  : Tomcat initialized with port 8190 (http)
2025-06-12T14:14:16.299+02:00  INFO 10332 --- [ocado-licytacje] [restartedMain] o.apache.catalina.core.StandardService   : Starting service [Tomcat]
2025-06-12T14:14:16.300+02:00  INFO 10332 --- [ocado-licytacje] [restartedMain] o.apache.catalina.core.StandardEngine    : Starting Servlet engine: [Apache Tomcat/10.1.39]
2025-06-12T14:14:16.367+02:00  INFO 10332 --- [ocado-licytacje] [restartedMain] o.a.c.c.C.[.[localhost].[/licytacje]     : Initializing Spring embedded WebApplicationContext
2025-06-12T14:14:16.367+02:00  INFO 10332 --- [ocado-licytacje] [restartedMain] w.s.c.ServletWebServerApplicationContext : Root WebApplicationContext: initialization completed in 1710 ms
2025-06-12T14:14:16.521+02:00  INFO 10332 --- [ocado-licytacje] [restartedMain] com.zaxxer.hikari.HikariDataSource       : HikariPool-1 - Starting...
2025-06-12T14:14:16.721+02:00  INFO 10332 --- [ocado-licytacje] [restartedMain] com.zaxxer.hikari.pool.HikariPool        : HikariPool-1 - Added connection org.postgresql.jdbc.PgConnection@34ba9050
2025-06-12T14:14:16.723+02:00  INFO 10332 --- [ocado-licytacje] [restartedMain] com.zaxxer.hikari.HikariDataSource       : HikariPool-1 - Start completed.
2025-06-12T14:14:16.883+02:00  INFO 10332 --- [ocado-licytacje] [restartedMain] liquibase.database                       : Set default schema name to public
2025-06-12T14:14:17.460+02:00  INFO 10332 --- [ocado-licytacje] [restartedMain] liquibase.changelog                      : Reading from public.databasechangelog
2025-06-12T14:14:17.518+02:00  INFO 10332 --- [ocado-licytacje] [restartedMain] liquibase.ui                             : Database is up to date, no changesets to execute
2025-06-12T14:14:17.520+02:00  INFO 10332 --- [ocado-licytacje] [restartedMain] liquibase.changelog                      : Reading from public.databasechangelog
2025-06-12T14:14:17.529+02:00  INFO 10332 --- [ocado-licytacje] [restartedMain] liquibase.util                           : UPDATE SUMMARY
2025-06-12T14:14:17.529+02:00  INFO 10332 --- [ocado-licytacje] [restartedMain] liquibase.util                           : Run:                          0
2025-06-12T14:14:17.529+02:00  INFO 10332 --- [ocado-licytacje] [restartedMain] liquibase.util                           : Previously run:               6
2025-06-12T14:14:17.529+02:00  INFO 10332 --- [ocado-licytacje] [restartedMain] liquibase.util                           : Filtered out:                 0
2025-06-12T14:14:17.530+02:00  INFO 10332 --- [ocado-licytacje] [restartedMain] liquibase.util                           : -------------------------------
2025-06-12T14:14:17.530+02:00  INFO 10332 --- [ocado-licytacje] [restartedMain] liquibase.util                           : Total change sets:            6
2025-06-12T14:14:17.530+02:00  INFO 10332 --- [ocado-licytacje] [restartedMain] liquibase.util                           : Update summary generated
2025-06-12T14:14:17.531+02:00  INFO 10332 --- [ocado-licytacje] [restartedMain] liquibase.command                        : Command execution complete
2025-06-12T14:14:17.622+02:00  INFO 10332 --- [ocado-licytacje] [restartedMain] o.hibernate.jpa.internal.util.LogHelper  : HHH000204: Processing PersistenceUnitInfo [name: default]
2025-06-12T14:14:17.709+02:00  INFO 10332 --- [ocado-licytacje] [restartedMain] org.hibernate.Version                    : HHH000412: Hibernate ORM core version 6.6.11.Final
2025-06-12T14:14:17.769+02:00  INFO 10332 --- [ocado-licytacje] [restartedMain] o.h.c.internal.RegionFactoryInitiator    : HHH000026: Second-level cache disabled
2025-06-12T14:14:18.093+02:00  INFO 10332 --- [ocado-licytacje] [restartedMain] o.s.o.j.p.SpringPersistenceUnitInfo      : No LoadTimeWeaver setup: ignoring JPA class transformer
2025-06-12T14:14:18.153+02:00  WARN 10332 --- [ocado-licytacje] [restartedMain] org.hibernate.orm.deprecation            : HHH90000025: PostgreSQLDialect does not need to be specified explicitly using 'hibernate.dialect' (remove the property setting and it will be selected by default)
2025-06-12T14:14:18.169+02:00  INFO 10332 --- [ocado-licytacje] [restartedMain] org.hibernate.orm.connections.pooling    : HHH10001005: Database info:
	Database JDBC URL [Connecting through datasource 'HikariDataSource (HikariPool-1)']
	Database driver: undefined/unknown
	Database version: 17.4
	Autocommit mode: undefined/unknown
	Isolation level: undefined/unknown
	Minimum pool size: undefined/unknown
	Maximum pool size: undefined/unknown
2025-06-12T14:14:19.229+02:00  INFO 10332 --- [ocado-licytacje] [restartedMain] o.h.e.t.j.p.i.JtaPlatformInitiator       : HHH000489: No JTA platform available (set 'hibernate.transaction.jta.platform' to enable JTA platform integration)
2025-06-12T14:14:19.501+02:00  INFO 10332 --- [ocado-licytacje] [restartedMain] j.LocalContainerEntityManagerFactoryBean : Initialized JPA EntityManagerFactory for persistence unit 'default'
2025-06-12T14:14:22.892+02:00  INFO 10332 --- [ocado-licytacje] [Grizzly(2)] c.s.api.socket_mode.SocketModeClient     : New session is open (session id: efa8e155-deb8-48f5-9d24-915b271c4cd2)
2025-06-12T14:14:23.065+02:00  WARN 10332 --- [ocado-licytacje] [restartedMain] JpaBaseConfiguration$JpaWebConfiguration : spring.jpa.open-in-view is enabled by default. Therefore, database queries may be performed during view rendering. Explicitly configure spring.jpa.open-in-view to disable this warning
2025-06-12T14:14:23.477+02:00  INFO 10332 --- [ocado-licytacje] [restartedMain] o.s.b.d.a.OptionalLiveReloadServer       : LiveReload server is running on port 35729
2025-06-12T14:14:23.555+02:00  INFO 10332 --- [ocado-licytacje] [restartedMain] o.s.b.w.embedded.tomcat.TomcatWebServer  : Tomcat started on port 8190 (http) with context path '/licytacje'
2025-06-12T14:14:23.568+02:00  INFO 10332 --- [ocado-licytacje] [restartedMain] p.e.p.o.OcadoLicytacjeApplication        : Started OcadoLicytacjeApplication in 9.462 seconds (process running for 10.324)
2025-06-12T14:15:29.042+02:00  INFO 10332 --- [ocado-licytacje] [socket-mode-message-processor-worker-68] .e.p.o.d.s.SlackAuctionThreadServiceImpl : Wysyłanie aukcji do Slacka, channelId=C08TAS7KL7M, auctionId=187
2025-06-12T14:15:29.779+02:00  INFO 10332 --- [ocado-licytacje] [socket-mode-message-processor-worker-68] .e.p.o.d.s.SlackAuctionThreadServiceImpl : Wysyłanie aukcji do Slacka, channelId=C08TAS7KL7M, auctionId=188
2025-06-12T14:15:30.884+02:00  INFO 10332 --- [ocado-licytacje] [socket-mode-message-processor-worker-68] .e.p.o.d.s.SlackAuctionThreadServiceImpl : Wysyłanie aukcji do Slacka, channelId=C08TAS7KL7M, auctionId=189
2025-06-12T14:15:53.681+02:00  INFO 10332 --- [ocado-licytacje] [socket-mode-message-processor-worker-68] p.e.p.o.config.SlackSocketModeConfig     : Odebrany tekst z komendy: ''
2025-06-12T14:17:32.878+02:00  INFO 10332 --- [ocado-licytacje] [SpringApplicationShutdownHook] o.s.b.w.e.tomcat.GracefulShutdown        : Commencing graceful shutdown. Waiting for active requests to complete
2025-06-12T14:17:33.081+02:00  INFO 10332 --- [ocado-licytacje] [tomcat-shutdown] o.s.b.w.e.tomcat.GracefulShutdown        : Graceful shutdown complete
2025-06-12T14:17:33.337+02:00  INFO 10332 --- [ocado-licytacje] [SpringApplicationShutdownHook] c.s.api.socket_mode.SocketModeClient     : onClose listener is called (session id: efa8e155-deb8-48f5-9d24-915b271c4cd2, reason: com.slack.api.jakarta_socket_mode.impl.JakartaSocketModeClientTyrusImpl did it)
2025-06-12T14:17:33.343+02:00  INFO 10332 --- [ocado-licytacje] [SpringApplicationShutdownHook] j.LocalContainerEntityManagerFactoryBean : Closing JPA EntityManagerFactory for persistence unit 'default'
2025-06-12T14:17:33.347+02:00  INFO 10332 --- [ocado-licytacje] [SpringApplicationShutdownHook] com.zaxxer.hikari.HikariDataSource       : HikariPool-1 - Shutdown initiated...
2025-06-12T14:17:33.356+02:00  INFO 10332 --- [ocado-licytacje] [SpringApplicationShutdownHook] com.zaxxer.hikari.HikariDataSource       : HikariPool-1 - Shutdown completed.
2025-06-12T14:17:38.272+02:00  INFO 14252 --- [ocado-licytacje] [restartedMain] p.e.p.o.OcadoLicytacjeApplication        : Starting OcadoLicytacjeApplication using Java 17.0.14 with PID 14252 (C:\Users\User\IdeaProjects\Robimy-dobro-licytacje\build\classes\java\main started by User in C:\Users\User\IdeaProjects\Robimy-dobro-licytacje)
2025-06-12T14:17:38.274+02:00  INFO 14252 --- [ocado-licytacje] [restartedMain] p.e.p.o.OcadoLicytacjeApplication        : No active profile set, falling back to 1 default profile: "default"
2025-06-12T14:17:38.326+02:00  INFO 14252 --- [ocado-licytacje] [restartedMain] .e.DevToolsPropertyDefaultsPostProcessor : Devtools property defaults active! Set 'spring.devtools.add-properties' to 'false' to disable
2025-06-12T14:17:38.326+02:00  INFO 14252 --- [ocado-licytacje] [restartedMain] .e.DevToolsPropertyDefaultsPostProcessor : For additional web related logging consider setting the 'logging.level.web' property to 'DEBUG'
2025-06-12T14:17:39.202+02:00  INFO 14252 --- [ocado-licytacje] [restartedMain] .s.d.r.c.RepositoryConfigurationDelegate : Bootstrapping Spring Data JPA repositories in DEFAULT mode.
2025-06-12T14:17:39.370+02:00  INFO 14252 --- [ocado-licytacje] [restartedMain] .s.d.r.c.RepositoryConfigurationDelegate : Finished Spring Data repository scanning in 158 ms. Found 8 JPA repository interfaces.
2025-06-12T14:17:39.934+02:00  INFO 14252 --- [ocado-licytacje] [restartedMain] o.s.b.w.embedded.tomcat.TomcatWebServer  : Tomcat initialized with port 8190 (http)
2025-06-12T14:17:39.946+02:00  INFO 14252 --- [ocado-licytacje] [restartedMain] o.apache.catalina.core.StandardService   : Starting service [Tomcat]
2025-06-12T14:17:39.947+02:00  INFO 14252 --- [ocado-licytacje] [restartedMain] o.apache.catalina.core.StandardEngine    : Starting Servlet engine: [Apache Tomcat/10.1.39]
2025-06-12T14:17:40.001+02:00  INFO 14252 --- [ocado-licytacje] [restartedMain] o.a.c.c.C.[.[localhost].[/licytacje]     : Initializing Spring embedded WebApplicationContext
2025-06-12T14:17:40.001+02:00  INFO 14252 --- [ocado-licytacje] [restartedMain] w.s.c.ServletWebServerApplicationContext : Root WebApplicationContext: initialization completed in 1675 ms
2025-06-12T14:17:40.139+02:00  INFO 14252 --- [ocado-licytacje] [restartedMain] com.zaxxer.hikari.HikariDataSource       : HikariPool-1 - Starting...
2025-06-12T14:17:40.329+02:00  INFO 14252 --- [ocado-licytacje] [restartedMain] com.zaxxer.hikari.pool.HikariPool        : HikariPool-1 - Added connection org.postgresql.jdbc.PgConnection@3c2217fb
2025-06-12T14:17:40.331+02:00  INFO 14252 --- [ocado-licytacje] [restartedMain] com.zaxxer.hikari.HikariDataSource       : HikariPool-1 - Start completed.
2025-06-12T14:17:40.475+02:00  INFO 14252 --- [ocado-licytacje] [restartedMain] liquibase.database                       : Set default schema name to public
2025-06-12T14:17:40.979+02:00  INFO 14252 --- [ocado-licytacje] [restartedMain] liquibase.changelog                      : Reading from public.databasechangelog
2025-06-12T14:17:41.037+02:00  INFO 14252 --- [ocado-licytacje] [restartedMain] liquibase.ui                             : Database is up to date, no changesets to execute
2025-06-12T14:17:41.039+02:00  INFO 14252 --- [ocado-licytacje] [restartedMain] liquibase.changelog                      : Reading from public.databasechangelog
2025-06-12T14:17:41.048+02:00  INFO 14252 --- [ocado-licytacje] [restartedMain] liquibase.util                           : UPDATE SUMMARY
2025-06-12T14:17:41.048+02:00  INFO 14252 --- [ocado-licytacje] [restartedMain] liquibase.util                           : Run:                          0
2025-06-12T14:17:41.048+02:00  INFO 14252 --- [ocado-licytacje] [restartedMain] liquibase.util                           : Previously run:               6
2025-06-12T14:17:41.048+02:00  INFO 14252 --- [ocado-licytacje] [restartedMain] liquibase.util                           : Filtered out:                 0
2025-06-12T14:17:41.048+02:00  INFO 14252 --- [ocado-licytacje] [restartedMain] liquibase.util                           : -------------------------------
2025-06-12T14:17:41.048+02:00  INFO 14252 --- [ocado-licytacje] [restartedMain] liquibase.util                           : Total change sets:            6
2025-06-12T14:17:41.049+02:00  INFO 14252 --- [ocado-licytacje] [restartedMain] liquibase.util                           : Update summary generated
2025-06-12T14:17:41.050+02:00  INFO 14252 --- [ocado-licytacje] [restartedMain] liquibase.command                        : Command execution complete
2025-06-12T14:17:41.132+02:00  INFO 14252 --- [ocado-licytacje] [restartedMain] o.hibernate.jpa.internal.util.LogHelper  : HHH000204: Processing PersistenceUnitInfo [name: default]
2025-06-12T14:17:41.184+02:00  INFO 14252 --- [ocado-licytacje] [restartedMain] org.hibernate.Version                    : HHH000412: Hibernate ORM core version 6.6.11.Final
2025-06-12T14:17:41.226+02:00  INFO 14252 --- [ocado-licytacje] [restartedMain] o.h.c.internal.RegionFactoryInitiator    : HHH000026: Second-level cache disabled
2025-06-12T14:17:41.539+02:00  INFO 14252 --- [ocado-licytacje] [restartedMain] o.s.o.j.p.SpringPersistenceUnitInfo      : No LoadTimeWeaver setup: ignoring JPA class transformer
2025-06-12T14:17:41.587+02:00  WARN 14252 --- [ocado-licytacje] [restartedMain] org.hibernate.orm.deprecation            : HHH90000025: PostgreSQLDialect does not need to be specified explicitly using 'hibernate.dialect' (remove the property setting and it will be selected by default)
2025-06-12T14:17:41.604+02:00  INFO 14252 --- [ocado-licytacje] [restartedMain] org.hibernate.orm.connections.pooling    : HHH10001005: Database info:
	Database JDBC URL [Connecting through datasource 'HikariDataSource (HikariPool-1)']
	Database driver: undefined/unknown
	Database version: 17.4
	Autocommit mode: undefined/unknown
	Isolation level: undefined/unknown
	Minimum pool size: undefined/unknown
	Maximum pool size: undefined/unknown
2025-06-12T14:17:42.559+02:00  INFO 14252 --- [ocado-licytacje] [restartedMain] o.h.e.t.j.p.i.JtaPlatformInitiator       : HHH000489: No JTA platform available (set 'hibernate.transaction.jta.platform' to enable JTA platform integration)
2025-06-12T14:17:42.829+02:00  INFO 14252 --- [ocado-licytacje] [restartedMain] j.LocalContainerEntityManagerFactoryBean : Initialized JPA EntityManagerFactory for persistence unit 'default'
2025-06-12T14:17:45.285+02:00  INFO 14252 --- [ocado-licytacje] [Grizzly(2)] c.s.api.socket_mode.SocketModeClient     : New session is open (session id: cb008ba3-2991-4596-8932-0ec98fcc8254)
2025-06-12T14:17:45.458+02:00  WARN 14252 --- [ocado-licytacje] [restartedMain] JpaBaseConfiguration$JpaWebConfiguration : spring.jpa.open-in-view is enabled by default. Therefore, database queries may be performed during view rendering. Explicitly configure spring.jpa.open-in-view to disable this warning
2025-06-12T14:17:45.809+02:00  INFO 14252 --- [ocado-licytacje] [restartedMain] o.s.b.d.a.OptionalLiveReloadServer       : LiveReload server is running on port 35729
2025-06-12T14:17:45.888+02:00  INFO 14252 --- [ocado-licytacje] [restartedMain] o.s.b.w.embedded.tomcat.TomcatWebServer  : Tomcat started on port 8190 (http) with context path '/licytacje'
2025-06-12T14:17:45.902+02:00  INFO 14252 --- [ocado-licytacje] [restartedMain] p.e.p.o.OcadoLicytacjeApplication        : Started OcadoLicytacjeApplication in 8.136 seconds (process running for 8.992)
2025-06-12T14:17:55.859+02:00  INFO 14252 --- [ocado-licytacje] [socket-mode-message-processor-worker-65] p.e.p.o.config.SlackSocketModeConfig     : Odebrany tekst z komendy: ''
2025-06-12T14:18:18.454+02:00  INFO 14252 --- [ocado-licytacje] [socket-mode-message-processor-worker-65] p.e.p.o.d.s.handler.BidModalHandler      : ViewState: {bid_value={bid_input=ViewState.Value(type=plain_text_input, value=100, selectedDate=null, selectedTime=null, selectedDateTime=null, selectedConversation=null, selectedChannel=null, selectedUser=null, selectedOption=null, selectedConversations=null, selectedChannels=null, selectedUsers=null, selectedOptions=null, timezone=null, richTextValue=null, files=null)}}
2025-06-12T14:18:18.454+02:00  INFO 14252 --- [ocado-licytacje] [socket-mode-message-processor-worker-65] p.e.p.o.d.s.handler.BidModalHandler      : Pobrana wartość z modala: 100
2025-06-12T14:18:18.465+02:00  INFO 14252 --- [ocado-licytacje] [socket-mode-message-processor-worker-65] p.e.p.o.d.s.handler.BidModalHandler      : Provided price: 100 is lower than actual highest price: 200.00
2025-06-12T14:18:31.533+02:00  INFO 14252 --- [ocado-licytacje] [socket-mode-message-processor-worker-65] p.e.p.o.d.s.handler.BidModalHandler      : ViewState: {bid_value={bid_input=ViewState.Value(type=plain_text_input, value=300, selectedDate=null, selectedTime=null, selectedDateTime=null, selectedConversation=null, selectedChannel=null, selectedUser=null, selectedOption=null, selectedConversations=null, selectedChannels=null, selectedUsers=null, selectedOptions=null, timezone=null, richTextValue=null, files=null)}}
2025-06-12T14:18:31.534+02:00  INFO 14252 --- [ocado-licytacje] [socket-mode-message-processor-worker-65] p.e.p.o.d.s.handler.BidModalHandler      : Pobrana wartość z modala: 300
2025-06-12T14:18:39.015+02:00  INFO 14252 --- [ocado-licytacje] [socket-mode-message-processor-worker-65] p.e.p.o.d.s.handler.BidModalHandler      : ViewState: {bid_value={bid_input=ViewState.Value(type=plain_text_input, value=200, selectedDate=null, selectedTime=null, selectedDateTime=null, selectedConversation=null, selectedChannel=null, selectedUser=null, selectedOption=null, selectedConversations=null, selectedChannels=null, selectedUsers=null, selectedOptions=null, timezone=null, richTextValue=null, files=null)}}
2025-06-12T14:18:39.015+02:00  INFO 14252 --- [ocado-licytacje] [socket-mode-message-processor-worker-65] p.e.p.o.d.s.handler.BidModalHandler      : Pobrana wartość z modala: 200
2025-06-12T14:18:39.015+02:00  INFO 14252 --- [ocado-licytacje] [socket-mode-message-processor-worker-65] p.e.p.o.d.s.handler.BidModalHandler      : Provided price: 200 is lower than actual highest price: 200.00
2025-06-12T14:18:41.031+02:00  INFO 14252 --- [ocado-licytacje] [socket-mode-message-processor-worker-65] p.e.p.o.d.s.handler.BidModalHandler      : ViewState: {bid_value={bid_input=ViewState.Value(type=plain_text_input, value=200, selectedDate=null, selectedTime=null, selectedDateTime=null, selectedConversation=null, selectedChannel=null, selectedUser=null, selectedOption=null, selectedConversations=null, selectedChannels=null, selectedUsers=null, selectedOptions=null, timezone=null, richTextValue=null, files=null)}}
2025-06-12T14:18:41.031+02:00  INFO 14252 --- [ocado-licytacje] [socket-mode-message-processor-worker-65] p.e.p.o.d.s.handler.BidModalHandler      : Pobrana wartość z modala: 200
2025-06-12T14:18:41.032+02:00  INFO 14252 --- [ocado-licytacje] [socket-mode-message-processor-worker-65] p.e.p.o.d.s.handler.BidModalHandler      : Provided price: 200 is lower than actual highest price: 200.00
2025-06-12T14:19:25.542+02:00  INFO 14252 --- [ocado-licytacje] [SpringApplicationShutdownHook] o.s.b.w.e.tomcat.GracefulShutdown        : Commencing graceful shutdown. Waiting for active requests to complete
2025-06-12T14:19:25.720+02:00  INFO 14252 --- [ocado-licytacje] [tomcat-shutdown] o.s.b.w.e.tomcat.GracefulShutdown        : Graceful shutdown complete
2025-06-12T14:19:25.967+02:00  INFO 14252 --- [ocado-licytacje] [SpringApplicationShutdownHook] c.s.api.socket_mode.SocketModeClient     : onClose listener is called (session id: cb008ba3-2991-4596-8932-0ec98fcc8254, reason: com.slack.api.jakarta_socket_mode.impl.JakartaSocketModeClientTyrusImpl did it)
2025-06-12T14:19:25.975+02:00  INFO 14252 --- [ocado-licytacje] [SpringApplicationShutdownHook] j.LocalContainerEntityManagerFactoryBean : Closing JPA EntityManagerFactory for persistence unit 'default'
2025-06-12T14:19:25.982+02:00  INFO 14252 --- [ocado-licytacje] [SpringApplicationShutdownHook] com.zaxxer.hikari.HikariDataSource       : HikariPool-1 - Shutdown initiated...
2025-06-12T14:19:25.992+02:00  INFO 14252 --- [ocado-licytacje] [SpringApplicationShutdownHook] com.zaxxer.hikari.HikariDataSource       : HikariPool-1 - Shutdown completed.
